2026-07-02 09:47:25,341 INFO  api.test.UserTests - Creating User-------->
2026-07-02 09:47:25,356 INFO  api.test.UserTests - Updating User-------->
2026-07-02 09:47:25,360 INFO  api.test.UserTests - Deleting User-------->
2026-07-02 09:48:10,839 INFO  api.test.UserTests - Creating User-------->
2026-07-02 09:48:14,707 INFO  api.test.UserTests - User Created-------->
2026-07-02 09:48:16,050 INFO  api.test.UserTests - Getting User Created-------->
2026-07-02 09:48:16,053 INFO  api.test.UserTests - Updating User-------->
2026-07-02 09:48:18,829 INFO  api.test.UserTests - User Updated-------->
2026-07-02 09:48:18,833 INFO  api.test.UserTests - Deleting User-------->
2026-07-02 09:48:20,309 INFO  api.test.UserTests - User Deleted-------->
2026-07-02 21:54:48,554 INFO  api.test.UserTests - Creating User-------->
2026-07-02 21:54:51,737 INFO  api.test.UserTests - User Created-------->
2026-07-02 21:54:53,138 INFO  api.test.UserTests - Getting User Created-------->
2026-07-02 21:54:53,140 INFO  api.test.UserTests - Updating User-------->
2026-07-02 21:54:56,168 INFO  api.test.UserTests - User Updated-------->
2026-07-02 21:54:56,171 INFO  api.test.UserTests - Deleting User-------->
2026-07-02 21:54:57,618 INFO  api.test.UserTests - User Deleted-------->
2026-07-02 22:01:34,429 INFO  api.test.UserTests - Creating User-------->
2026-07-02 22:01:38,823 INFO  api.test.UserTests - User Created-------->
2026-07-02 22:01:40,886 INFO  api.test.UserTests - Getting User Created-------->
2026-07-02 22:01:40,889 INFO  api.test.UserTests - Updating User-------->
2026-07-02 22:01:43,745 INFO  api.test.UserTests - User Updated-------->
2026-07-02 22:01:43,748 INFO  api.test.UserTests - Deleting User-------->
2026-07-02 22:01:45,144 INFO  api.test.UserTests - User Deleted-------->
2026-07-02 22:05:29,647 INFO  api.test.UserTests - Creating User-------->
2026-07-02 22:05:32,866 INFO  api.test.UserTests - User Created-------->
2026-07-02 22:05:34,260 INFO  api.test.UserTests - Getting User Created-------->
2026-07-02 22:05:34,263 INFO  api.test.UserTests - Updating User-------->
2026-07-02 22:05:37,154 INFO  api.test.UserTests - User Updated-------->
2026-07-02 22:05:37,157 INFO  api.test.UserTests - Deleting User-------->
2026-07-02 22:05:38,518 INFO  api.test.UserTests - User Deleted-------->
2026-07-02 22:07:14,005 INFO  api.test.UserTests - Creating User-------->
2026-07-02 22:07:16,815 INFO  api.test.UserTests - User Created-------->
2026-07-02 22:07:18,375 INFO  api.test.UserTests - Getting User Created-------->
2026-07-02 22:07:18,378 INFO  api.test.UserTests - Updating User-------->
2026-07-02 22:07:21,485 INFO  api.test.UserTests - User Updated-------->
2026-07-02 22:07:21,488 INFO  api.test.UserTests - Deleting User-------->
2026-07-02 22:07:22,947 INFO  api.test.UserTests - User Deleted-------->
2026-07-02 22:23:51,789 INFO  api.test.UserTests - Creating User-------->
2026-07-02 22:23:54,189 INFO  api.test.UserTests - User Created-------->
2026-07-02 22:23:55,630 INFO  api.test.UserTests - Getting User Created-------->
2026-07-02 22:23:55,632 INFO  api.test.UserTests - Updating User-------->
2026-07-02 22:23:58,513 INFO  api.test.UserTests - User Updated-------->
2026-07-02 22:23:58,516 INFO  api.test.UserTests - Deleting User-------->
2026-07-02 22:23:59,932 INFO  api.test.UserTests - User Deleted-------->
2026-07-02 23:40:12,660 INFO  api.test.UserTests - Creating User-------->
2026-07-02 23:40:17,438 INFO  api.test.UserTests - User Created-------->
2026-07-02 23:40:19,109 INFO  api.test.UserTests - Getting User Created-------->
2026-07-02 23:40:19,113 INFO  api.test.UserTests - Updating User-------->
2026-07-02 23:40:23,183 INFO  api.test.UserTests - User Updated-------->
2026-07-02 23:40:23,188 INFO  api.test.UserTests - Deleting User-------->
2026-07-02 23:40:24,704 INFO  api.test.UserTests - User Deleted-------->
